

Microchip MPLAB XC8 Assembler V2.41 build 20230208172133 
                                                                                               Thu Oct 05 11:54:10 2023

Microchip MPLAB XC8 C Compiler v2.41 (Free license) build 20230208172133 Og1 
     1                           	processor	18F45K20
     2                           	fnconf	rparam,??,?,0
     3                           	pagewidth 120
     4                           	opt	flic
     5                           	psect	cinit,global,reloc=2,class=CODE,delta=1
     6                           	psect	bssCOMRAM,global,class=COMRAM,space=1,delta=1,lowdata,noexec
     7                           	psect	cstackCOMRAM,global,class=COMRAM,space=1,delta=1,lowdata,noexec
     8                           	psect	text0,global,reloc=2,class=CODE,delta=1
     9                           	psect	text1,global,reloc=2,class=CODE,delta=1
    10                           	psect	text2,global,reloc=2,class=CODE,delta=1
    11                           	psect	text3,global,reloc=2,class=CODE,delta=1
    12                           	psect	text4,global,reloc=2,class=CODE,delta=1
    13                           	psect	text5,global,reloc=2,class=CODE,delta=1
    14                           	psect	text6,global,reloc=2,class=CODE,delta=1
    15                           	psect	intcode,global,reloc=2,class=CODE,delta=1
    16                           	psect	intsave_regs,global,class=BIGRAM,space=1,delta=1,noexec
    17                           	psect	rparam,global,class=COMRAM,space=1,delta=1,noexec
    18                           	psect	temp,global,ovrld,common,class=COMRAM,space=1,delta=1
    19                           	psect	idloc,global,abs,ovrld,class=IDLOC,space=5,delta=1,noexec
    20                           	psect	config,global,abs,ovrld,class=CONFIG,space=4,delta=1,noexec
    21   000000                     
    22                           ; Version 2.20
    23                           ; Generated 12/02/2020 GMT
    24                           ; 
    25                           ; Copyright © 2020, Microchip Technology Inc. and its subsidiaries ("Microchip")
    26                           ; All rights reserved.
    27                           ; 
    28                           ; This software is developed by Microchip Technology Inc. and its subsidiaries ("Microch
      +                          ip").
    29                           ; 
    30                           ; Redistribution and use in source and binary forms, with or without modification, are
    31                           ; permitted provided that the following conditions are met:
    32                           ; 
    33                           ;     1. Redistributions of source code must retain the above copyright notice, this lis
      +                          t of
    34                           ;        conditions and the following disclaimer.
    35                           ; 
    36                           ;     2. Redistributions in binary form must reproduce the above copyright notice, this 
      +                          list
    37                           ;        of conditions and the following disclaimer in the documentation and/or other
    38                           ;        materials provided with the distribution.
    39                           ; 
    40                           ;     3. Microchip's name may not be used to endorse or promote products derived from th
      +                          is
    41                           ;        software without specific prior written permission.
    42                           ; 
    43                           ; THIS SOFTWARE IS PROVIDED BY MICROCHIP "AS IS" AND ANY EXPRESS OR IMPLIED WARRANTIES,
    44                           ; INCLUDING, BUT NOT LIMITED TO, THE IMPLIED WARRANTIES OF MERCHANTABILITY AND FITNESS F
      +                          OR
    45                           ; PURPOSE ARE DISCLAIMED.  IN NO EVENT SHALL MICROCHIP BE LIABLE FOR ANY DIRECT, INDIREC
      +                          T,
    46                           ; INCIDENTAL, SPECIAL, EXEMPLARY, OR CONSEQUENTIAL DAMAGES (INCLUDING BUT NOT LIMITED TO
    47                           ; PROCUREMENT OF SUBSTITUTE GOODS OR SERVICES; LOSS OF USE, DATA OR PROFITS; OR BUSINESS
    48                           ; INTERRUPTION) HOWSOEVER CAUSED AND ON ANY THEORY OF LIABILITY, WHETHER IN CONTRACT, ST
      +                          RICT
    49                           ; LIABILITY, OR TORT (INCLUDING NEGLIGENCE OR OTHERWISE) ARISING IN ANY WAY OUT OF THE U
      +                          SE OF
    50                           ; THIS SOFTWARE, EVEN IF ADVISED OF THE POSSIBILITY OF SUCH DAMAGE.
    51                           ; 
    52                           ; 
    53                           ; Code-generator required, PIC18F45K20 Definitions
    54                           ; 
    55                           ; SFR Addresses
    56   000000                     _PR2	set	4043
    57   000000                     _TRISCbits	set	3988
    58   000000                     _LATCbits	set	3979
    59   000000                     _TMR2IF	set	31985
    60   000000                     _LATC	set	3979
    61   000000                     _TRISC	set	3988
    62   000000                     _OSCCON	set	4051
    63   000000                     _INTCONbits	set	4082
    64   000000                     _PIE1bits	set	3997
    65   000000                     _PIR1bits	set	3998
    66   000000                     _CCP1CON	set	4029
    67   000000                     _T2CON	set	4042
    68   000000                     _TMR2	set	4044
    69   000000                     _IPR1bits	set	3999
    70   000000                     _CCPR1L	set	4030
    71                           
    72                           ; #config settings
    73                           
    74                           	psect	cinit
    75   0000DC                     __pcinit:
    76                           	callstack 0
    77   0000DC                     start_initialization:
    78                           	callstack 0
    79   0000DC                     __initialization:
    80                           	callstack 0
    81                           
    82                           ; Clear objects allocated to COMRAM (2 bytes)
    83   0000DC  6A02               	clrf	(__pbssCOMRAM+1)& (0+255),c
    84   0000DE  6A01               	clrf	__pbssCOMRAM& (0+255),c
    85   0000E0                     end_of_initialization:
    86                           	callstack 0
    87   0000E0                     __end_of__initialization:
    88                           	callstack 0
    89   0000E0  9003               	bcf	int$flags,0,c	;clear compiler interrupt flag (level 1)
    90   0000E2  9203               	bcf	int$flags,1,c	;clear compiler interrupt flag (level 2)
    91   0000E4  0100               	movlb	0
    92   0000E6  EF7C  F000         	goto	_main	;jump to C main() function
    93                           
    94                           	psect	bssCOMRAM
    95   000001                     __pbssCOMRAM:
    96                           	callstack 0
    97   000001                     _Contador:
    98                           	callstack 0
    99   000001                     	ds	2
   100                           
   101                           	psect	cstackCOMRAM
   102   000000                     __pcstackCOMRAM:
   103                           	callstack 0
   104   000000                     
   105                           ; 1 bytes @ 0x0
   106 ;;
   107 ;;Main: autosize = 0, tempsize = 0, incstack = 0, save=0
   108 ;;
   109 ;; *************** function _main *****************
   110 ;; Defined at:
   111 ;;		line 23 in file "PWM_TMR2_18F45K20.c"
   112 ;; Parameters:    Size  Location     Type
   113 ;;		None
   114 ;; Auto vars:     Size  Location     Type
   115 ;;		None
   116 ;; Return value:  Size  Location     Type
   117 ;;                  1    wreg      void 
   118 ;; Registers used:
   119 ;;		wreg, status,2, cstack
   120 ;; Tracked objects:
   121 ;;		On entry : 0/0
   122 ;;		On exit  : 0/0
   123 ;;		Unchanged: 0/0
   124 ;; Data sizes:     COMRAM   BANK0   BANK1   BANK2   BANK3   BANK4   BANK5
   125 ;;      Params:         0       0       0       0       0       0       0
   126 ;;      Locals:         0       0       0       0       0       0       0
   127 ;;      Temps:          0       0       0       0       0       0       0
   128 ;;      Totals:         0       0       0       0       0       0       0
   129 ;;Total ram usage:        0 bytes
   130 ;; Hardware stack levels required when called: 3
   131 ;; This function calls:
   132 ;;		_Setup
   133 ;; This function is called by:
   134 ;;		Startup code after reset
   135 ;; This function uses a non-reentrant model
   136 ;;
   137                           
   138                           	psect	text0
   139   0000F8                     __ptext0:
   140                           	callstack 0
   141   0000F8                     _main:
   142                           	callstack 28
   143   0000F8                     
   144                           ;PWM_TMR2_18F45K20.c: 25:     Setup();
   145   0000F8  EC59  F000         	call	_Setup	;wreg free
   146   0000FC                     l73:
   147   0000FC  EF7E  F000         	goto	l73
   148   000100  EF57  F000         	goto	start
   149   000104                     __end_of_main:
   150                           	callstack 0
   151                           
   152 ;; *************** function _Setup *****************
   153 ;; Defined at:
   154 ;;		line 72 in file "Setup.c"
   155 ;; Parameters:    Size  Location     Type
   156 ;;		None
   157 ;; Auto vars:     Size  Location     Type
   158 ;;		None
   159 ;; Return value:  Size  Location     Type
   160 ;;                  1    wreg      void 
   161 ;; Registers used:
   162 ;;		wreg, status,2, cstack
   163 ;; Tracked objects:
   164 ;;		On entry : 0/0
   165 ;;		On exit  : 0/0
   166 ;;		Unchanged: 0/0
   167 ;; Data sizes:     COMRAM   BANK0   BANK1   BANK2   BANK3   BANK4   BANK5
   168 ;;      Params:         0       0       0       0       0       0       0
   169 ;;      Locals:         0       0       0       0       0       0       0
   170 ;;      Temps:          0       0       0       0       0       0       0
   171 ;;      Totals:         0       0       0       0       0       0       0
   172 ;;Total ram usage:        0 bytes
   173 ;; Hardware stack levels used: 1
   174 ;; Hardware stack levels required when called: 2
   175 ;; This function calls:
   176 ;;		_SetupINTTMR2
   177 ;;		_SetupOscilador
   178 ;;		_SetupPWM
   179 ;;		_Setupint
   180 ;;		_Setupports
   181 ;; This function is called by:
   182 ;;		_main
   183 ;; This function uses a non-reentrant model
   184 ;;
   185                           
   186                           	psect	text1
   187   0000B2                     __ptext1:
   188                           	callstack 0
   189   0000B2                     _Setup:
   190                           	callstack 28
   191   0000B2                     
   192                           ;Setup.c: 74:     SetupOscilador();
   193   0000B2  EC8A  F000         	call	_SetupOscilador	;wreg free
   194                           
   195                           ;Setup.c: 75:     Setupports();
   196   0000B6  EC75  F000         	call	_Setupports	;wreg free
   197   0000BA                     
   198                           ;Setup.c: 76:     Setupint();
   199   0000BA  EC87  F000         	call	_Setupint	;wreg free
   200   0000BE                     
   201                           ;Setup.c: 77:     SetupINTTMR2();
   202   0000BE  EC64  F000         	call	_SetupINTTMR2	;wreg free
   203   0000C2                     
   204                           ;Setup.c: 78:     SetupPWM();
   205   0000C2  EC82  F000         	call	_SetupPWM	;wreg free
   206   0000C6  0012               	return		;funcret
   207   0000C8                     __end_of_Setup:
   208                           	callstack 0
   209                           
   210 ;; *************** function _Setupports *****************
   211 ;; Defined at:
   212 ;;		line 11 in file "Setup.c"
   213 ;; Parameters:    Size  Location     Type
   214 ;;		None
   215 ;; Auto vars:     Size  Location     Type
   216 ;;		None
   217 ;; Return value:  Size  Location     Type
   218 ;;                  1    wreg      void 
   219 ;; Registers used:
   220 ;;		wreg, status,2
   221 ;; Tracked objects:
   222 ;;		On entry : 0/0
   223 ;;		On exit  : 0/0
   224 ;;		Unchanged: 0/0
   225 ;; Data sizes:     COMRAM   BANK0   BANK1   BANK2   BANK3   BANK4   BANK5
   226 ;;      Params:         0       0       0       0       0       0       0
   227 ;;      Locals:         0       0       0       0       0       0       0
   228 ;;      Temps:          0       0       0       0       0       0       0
   229 ;;      Totals:         0       0       0       0       0       0       0
   230 ;;Total ram usage:        0 bytes
   231 ;; Hardware stack levels used: 1
   232 ;; Hardware stack levels required when called: 1
   233 ;; This function calls:
   234 ;;		Nothing
   235 ;; This function is called by:
   236 ;;		_Setup
   237 ;; This function uses a non-reentrant model
   238 ;;
   239                           
   240                           	psect	text2
   241   0000EA                     __ptext2:
   242                           	callstack 0
   243   0000EA                     _Setupports:
   244                           	callstack 28
   245   0000EA                     
   246                           ;Setup.c: 13:     TRISC=0b00000000;
   247   0000EA  0E00               	movlw	0
   248   0000EC  6E94               	movwf	148,c	;volatile
   249                           
   250                           ;Setup.c: 14:     LATC =0;
   251   0000EE  0E00               	movlw	0
   252   0000F0  6E8B               	movwf	139,c	;volatile
   253   0000F2                     
   254                           ;Setup.c: 15:     LATCbits.LATC4=0;
   255   0000F2  988B               	bcf	139,4,c	;volatile
   256   0000F4                     
   257                           ;Setup.c: 16:     TRISCbits.TRISC4=0;
   258   0000F4  9894               	bcf	148,4,c	;volatile
   259   0000F6  0012               	return		;funcret
   260   0000F8                     __end_of_Setupports:
   261                           	callstack 0
   262                           
   263 ;; *************** function _Setupint *****************
   264 ;; Defined at:
   265 ;;		line 19 in file "Setup.c"
   266 ;; Parameters:    Size  Location     Type
   267 ;;		None
   268 ;; Auto vars:     Size  Location     Type
   269 ;;		None
   270 ;; Return value:  Size  Location     Type
   271 ;;                  1    wreg      void 
   272 ;; Registers used:
   273 ;;		None
   274 ;; Tracked objects:
   275 ;;		On entry : 0/0
   276 ;;		On exit  : 0/0
   277 ;;		Unchanged: 0/0
   278 ;; Data sizes:     COMRAM   BANK0   BANK1   BANK2   BANK3   BANK4   BANK5
   279 ;;      Params:         0       0       0       0       0       0       0
   280 ;;      Locals:         0       0       0       0       0       0       0
   281 ;;      Temps:          0       0       0       0       0       0       0
   282 ;;      Totals:         0       0       0       0       0       0       0
   283 ;;Total ram usage:        0 bytes
   284 ;; Hardware stack levels used: 1
   285 ;; Hardware stack levels required when called: 1
   286 ;; This function calls:
   287 ;;		Nothing
   288 ;; This function is called by:
   289 ;;		_Setup
   290 ;; This function uses a non-reentrant model
   291 ;;
   292                           
   293                           	psect	text3
   294   00010E                     __ptext3:
   295                           	callstack 0
   296   00010E                     _Setupint:
   297                           	callstack 28
   298   00010E                     
   299                           ;Setup.c: 21:     INTCONbits.GIE = 1;
   300   00010E  8EF2               	bsf	242,7,c	;volatile
   301                           
   302                           ;Setup.c: 22:     INTCONbits.PEIE = 1;
   303   000110  8CF2               	bsf	242,6,c	;volatile
   304   000112  0012               	return		;funcret
   305   000114                     __end_of_Setupint:
   306                           	callstack 0
   307                           
   308 ;; *************** function _SetupPWM *****************
   309 ;; Defined at:
   310 ;;		line 35 in file "Setup.c"
   311 ;; Parameters:    Size  Location     Type
   312 ;;		None
   313 ;; Auto vars:     Size  Location     Type
   314 ;;		None
   315 ;; Return value:  Size  Location     Type
   316 ;;                  1    wreg      void 
   317 ;; Registers used:
   318 ;;		wreg, status,2
   319 ;; Tracked objects:
   320 ;;		On entry : 0/0
   321 ;;		On exit  : 0/0
   322 ;;		Unchanged: 0/0
   323 ;; Data sizes:     COMRAM   BANK0   BANK1   BANK2   BANK3   BANK4   BANK5
   324 ;;      Params:         0       0       0       0       0       0       0
   325 ;;      Locals:         0       0       0       0       0       0       0
   326 ;;      Temps:          0       0       0       0       0       0       0
   327 ;;      Totals:         0       0       0       0       0       0       0
   328 ;;Total ram usage:        0 bytes
   329 ;; Hardware stack levels used: 1
   330 ;; Hardware stack levels required when called: 1
   331 ;; This function calls:
   332 ;;		Nothing
   333 ;; This function is called by:
   334 ;;		_Setup
   335 ;; This function uses a non-reentrant model
   336 ;;
   337                           
   338                           	psect	text4
   339   000104                     __ptext4:
   340                           	callstack 0
   341   000104                     _SetupPWM:
   342                           	callstack 28
   343   000104                     
   344                           ;Setup.c: 37:     CCP1CON = 0b00001111;
   345   000104  0E0F               	movlw	15
   346   000106  6EBD               	movwf	189,c	;volatile
   347                           
   348                           ;Setup.c: 38:     CCPR1L = 249;
   349   000108  0EF9               	movlw	249
   350   00010A  6EBE               	movwf	190,c	;volatile
   351   00010C  0012               	return		;funcret
   352   00010E                     __end_of_SetupPWM:
   353                           	callstack 0
   354                           
   355 ;; *************** function _SetupOscilador *****************
   356 ;; Defined at:
   357 ;;		line 6 in file "Setup.c"
   358 ;; Parameters:    Size  Location     Type
   359 ;;		None
   360 ;; Auto vars:     Size  Location     Type
   361 ;;		None
   362 ;; Return value:  Size  Location     Type
   363 ;;                  1    wreg      void 
   364 ;; Registers used:
   365 ;;		wreg, status,2
   366 ;; Tracked objects:
   367 ;;		On entry : 0/0
   368 ;;		On exit  : 0/0
   369 ;;		Unchanged: 0/0
   370 ;; Data sizes:     COMRAM   BANK0   BANK1   BANK2   BANK3   BANK4   BANK5
   371 ;;      Params:         0       0       0       0       0       0       0
   372 ;;      Locals:         0       0       0       0       0       0       0
   373 ;;      Temps:          0       0       0       0       0       0       0
   374 ;;      Totals:         0       0       0       0       0       0       0
   375 ;;Total ram usage:        0 bytes
   376 ;; Hardware stack levels used: 1
   377 ;; Hardware stack levels required when called: 1
   378 ;; This function calls:
   379 ;;		Nothing
   380 ;; This function is called by:
   381 ;;		_Setup
   382 ;; This function uses a non-reentrant model
   383 ;;
   384                           
   385                           	psect	text5
   386   000114                     __ptext5:
   387                           	callstack 0
   388   000114                     _SetupOscilador:
   389                           	callstack 28
   390   000114                     
   391                           ;Setup.c: 8:     OSCCON = 0b01010010;
   392   000114  0E52               	movlw	82
   393   000116  6ED3               	movwf	211,c	;volatile
   394   000118  0012               	return		;funcret
   395   00011A                     __end_of_SetupOscilador:
   396                           	callstack 0
   397                           
   398 ;; *************** function _SetupINTTMR2 *****************
   399 ;; Defined at:
   400 ;;		line 25 in file "Setup.c"
   401 ;; Parameters:    Size  Location     Type
   402 ;;		None
   403 ;; Auto vars:     Size  Location     Type
   404 ;;		None
   405 ;; Return value:  Size  Location     Type
   406 ;;                  1    wreg      void 
   407 ;; Registers used:
   408 ;;		wreg, status,2
   409 ;; Tracked objects:
   410 ;;		On entry : 0/0
   411 ;;		On exit  : 0/0
   412 ;;		Unchanged: 0/0
   413 ;; Data sizes:     COMRAM   BANK0   BANK1   BANK2   BANK3   BANK4   BANK5
   414 ;;      Params:         0       0       0       0       0       0       0
   415 ;;      Locals:         0       0       0       0       0       0       0
   416 ;;      Temps:          0       0       0       0       0       0       0
   417 ;;      Totals:         0       0       0       0       0       0       0
   418 ;;Total ram usage:        0 bytes
   419 ;; Hardware stack levels used: 1
   420 ;; Hardware stack levels required when called: 1
   421 ;; This function calls:
   422 ;;		Nothing
   423 ;; This function is called by:
   424 ;;		_Setup
   425 ;; This function uses a non-reentrant model
   426 ;;
   427                           
   428                           	psect	text6
   429   0000C8                     __ptext6:
   430                           	callstack 0
   431   0000C8                     _SetupINTTMR2:
   432                           	callstack 28
   433   0000C8                     
   434                           ;Setup.c: 27:     PIR1bits.TMR2IF = 0;
   435   0000C8  929E               	bcf	158,1,c	;volatile
   436                           
   437                           ;Setup.c: 28:     PIE1bits.TMR2IE =1;
   438   0000CA  829D               	bsf	157,1,c	;volatile
   439                           
   440                           ;Setup.c: 29:     IPR1bits.TMR2IP = 1;
   441   0000CC  829F               	bsf	159,1,c	;volatile
   442   0000CE                     
   443                           ;Setup.c: 30:     TMR2= 0x00;
   444   0000CE  0E00               	movlw	0
   445   0000D0  6ECC               	movwf	204,c	;volatile
   446                           
   447                           ;Setup.c: 31:     T2CON = 0b00000110;
   448   0000D2  0E06               	movlw	6
   449   0000D4  6ECA               	movwf	202,c	;volatile
   450                           
   451                           ;Setup.c: 32:     PR2 = 249;
   452   0000D6  0EF9               	movlw	249
   453   0000D8  6ECB               	movwf	203,c	;volatile
   454   0000DA  0012               	return		;funcret
   455   0000DC                     __end_of_SetupINTTMR2:
   456                           	callstack 0
   457                           
   458 ;; *************** function _H_ISR *****************
   459 ;; Defined at:
   460 ;;		line 41 in file "Setup.c"
   461 ;; Parameters:    Size  Location     Type
   462 ;;		None
   463 ;; Auto vars:     Size  Location     Type
   464 ;;		None
   465 ;; Return value:  Size  Location     Type
   466 ;;                  1    wreg      void 
   467 ;; Registers used:
   468 ;;		wreg, status,2, status,0
   469 ;; Tracked objects:
   470 ;;		On entry : 0/0
   471 ;;		On exit  : 0/0
   472 ;;		Unchanged: 0/0
   473 ;; Data sizes:     COMRAM   BANK0   BANK1   BANK2   BANK3   BANK4   BANK5
   474 ;;      Params:         0       0       0       0       0       0       0
   475 ;;      Locals:         0       0       0       0       0       0       0
   476 ;;      Temps:          0       0       0       0       0       0       0
   477 ;;      Totals:         0       0       0       0       0       0       0
   478 ;;Total ram usage:        0 bytes
   479 ;; Hardware stack levels used: 1
   480 ;; This function calls:
   481 ;;		Nothing
   482 ;; This function is called by:
   483 ;;		Interrupt level 2
   484 ;; This function uses a non-reentrant model
   485 ;;
   486                           
   487                           	psect	intcode
   488   000008                     __pintcode:
   489                           	callstack 0
   490   000008                     _H_ISR:
   491                           	callstack 28
   492                           
   493                           ;incstack = 0
   494   000008  8203               	bsf	int$flags,1,c	;set compiler interrupt flag (level 2)
   495   00000A                     
   496                           ;Setup.c: 43:     if (TMR2IF) {
   497   00000A  A29E               	btfss	3998,1,c	;volatile
   498   00000C  EF0A  F000         	goto	i2u1_41
   499   000010  EF0C  F000         	goto	i2u1_40
   500   000014                     i2u1_41:
   501   000014  EF55  F000         	goto	i2l63
   502   000018                     i2u1_40:
   503   000018                     
   504                           ;Setup.c: 44:         TMR2IF = 0;
   505   000018  929E               	bcf	3998,1,c	;volatile
   506                           
   507                           ;Setup.c: 46:         while(CCPR1L>1){
   508   00001A  EF27  F000         	goto	i2l53
   509   00001E                     i2l790:
   510                           
   511                           ;Setup.c: 47:             if(Contador==100){
   512   00001E  0E64               	movlw	100
   513   000020  1801               	xorwf	_Contador^0,w,c
   514   000022  1002               	iorwf	(_Contador+1)^0,w,c
   515   000024  A4D8               	btfss	status,2,c
   516   000026  EF17  F000         	goto	i2u2_41
   517   00002A  EF19  F000         	goto	i2u2_40
   518   00002E                     i2u2_41:
   519   00002E  EF21  F000         	goto	i2l796
   520   000032                     i2u2_40:
   521   000032                     
   522                           ;Setup.c: 48:                 Contador=0;
   523   000032  0E00               	movlw	0
   524   000034  6E02               	movwf	(_Contador+1)^0,c
   525   000036  0E00               	movlw	0
   526   000038  6E01               	movwf	_Contador^0,c
   527   00003A                     
   528                           ;Setup.c: 49:                 CCPR1L=CCPR1L-1;
   529   00003A  04BE               	decf	190,w,c	;volatile
   530   00003C  6EBE               	movwf	190,c	;volatile
   531                           
   532                           ;Setup.c: 50:             }
   533   00003E  EF27  F000         	goto	i2l53
   534   000042                     i2l796:
   535                           
   536                           ;Setup.c: 52:                 Contador=Contador+1;
   537   000042  0E01               	movlw	1
   538   000044  2401               	addwf	_Contador^0,w,c
   539   000046  6E01               	movwf	_Contador^0,c
   540   000048  0E00               	movlw	0
   541   00004A  2002               	addwfc	(_Contador+1)^0,w,c
   542   00004C  6E02               	movwf	(_Contador+1)^0,c
   543   00004E                     i2l53:
   544                           
   545                           ;Setup.c: 46:         while(CCPR1L>1){
   546   00004E  0E02               	movlw	2
   547   000050  60BE               	cpfslt	190,c	;volatile
   548   000052  EF2D  F000         	goto	i2u3_41
   549   000056  EF2F  F000         	goto	i2u3_40
   550   00005A                     i2u3_41:
   551   00005A  EF0F  F000         	goto	i2l790
   552   00005E                     i2u3_40:
   553   00005E                     
   554                           ;Setup.c: 56:         CCPR1L=1;
   555   00005E  0E01               	movlw	1
   556   000060  6EBE               	movwf	190,c	;volatile
   557                           
   558                           ;Setup.c: 58:         while(CCPR1L<249){
   559   000062  EF4B  F000         	goto	i2l58
   560   000066                     i2l800:
   561                           
   562                           ;Setup.c: 59:             if(Contador==100){
   563   000066  0E64               	movlw	100
   564   000068  1801               	xorwf	_Contador^0,w,c
   565   00006A  1002               	iorwf	(_Contador+1)^0,w,c
   566   00006C  A4D8               	btfss	status,2,c
   567   00006E  EF3B  F000         	goto	i2u4_41
   568   000072  EF3D  F000         	goto	i2u4_40
   569   000076                     i2u4_41:
   570   000076  EF45  F000         	goto	i2l806
   571   00007A                     i2u4_40:
   572   00007A                     
   573                           ;Setup.c: 60:                 Contador=0;
   574   00007A  0E00               	movlw	0
   575   00007C  6E02               	movwf	(_Contador+1)^0,c
   576   00007E  0E00               	movlw	0
   577   000080  6E01               	movwf	_Contador^0,c
   578   000082                     
   579                           ;Setup.c: 61:                 CCPR1L=CCPR1L+1;
   580   000082  28BE               	incf	190,w,c	;volatile
   581   000084  6EBE               	movwf	190,c	;volatile
   582                           
   583                           ;Setup.c: 62:             }
   584   000086  EF4B  F000         	goto	i2l58
   585   00008A                     i2l806:
   586                           
   587                           ;Setup.c: 64:                 Contador=Contador+1;
   588   00008A  0E01               	movlw	1
   589   00008C  2401               	addwf	_Contador^0,w,c
   590   00008E  6E01               	movwf	_Contador^0,c
   591   000090  0E00               	movlw	0
   592   000092  2002               	addwfc	(_Contador+1)^0,w,c
   593   000094  6E02               	movwf	(_Contador+1)^0,c
   594   000096                     i2l58:
   595                           
   596                           ;Setup.c: 58:         while(CCPR1L<249){
   597   000096  0EF8               	movlw	248
   598   000098  64BE               	cpfsgt	190,c	;volatile
   599   00009A  EF51  F000         	goto	i2u5_41
   600   00009E  EF53  F000         	goto	i2u5_40
   601   0000A2                     i2u5_41:
   602   0000A2  EF33  F000         	goto	i2l800
   603   0000A6                     i2u5_40:
   604   0000A6                     
   605                           ;Setup.c: 68:         CCPR1L=249;
   606   0000A6  0EF9               	movlw	249
   607   0000A8  6EBE               	movwf	190,c	;volatile
   608   0000AA                     i2l63:
   609   0000AA  9203               	bcf	int$flags,1,c	;clear compiler interrupt flag (level 2)
   610   0000AC  0011               	retfie		f
   611   0000AE                     __end_of_H_ISR:
   612                           	callstack 0
   613   000000                     
   614                           	psect	rparam
   615   000000                     
   616                           	psect	temp
   617   000003                     btemp:
   618                           	callstack 0
   619   000003                     	ds	1
   620   000000                     int$flags	set	btemp
   621   000000                     wtemp8	set	btemp+1
   622   000000                     ttemp5	set	btemp+1
   623   000000                     ttemp6	set	btemp+4
   624   000000                     ttemp7	set	btemp+8
   625                           
   626                           	psect	idloc
   627                           
   628                           ;Config register IDLOC0 @ 0x200000
   629                           ;	unspecified, using default values
   630   200000                     	org	2097152
   631   200000  FF                 	db	255
   632                           
   633                           ;Config register IDLOC1 @ 0x200001
   634                           ;	unspecified, using default values
   635   200001                     	org	2097153
   636   200001  FF                 	db	255
   637                           
   638                           ;Config register IDLOC2 @ 0x200002
   639                           ;	unspecified, using default values
   640   200002                     	org	2097154
   641   200002  FF                 	db	255
   642                           
   643                           ;Config register IDLOC3 @ 0x200003
   644                           ;	unspecified, using default values
   645   200003                     	org	2097155
   646   200003  FF                 	db	255
   647                           
   648                           ;Config register IDLOC4 @ 0x200004
   649                           ;	unspecified, using default values
   650   200004                     	org	2097156
   651   200004  FF                 	db	255
   652                           
   653                           ;Config register IDLOC5 @ 0x200005
   654                           ;	unspecified, using default values
   655   200005                     	org	2097157
   656   200005  FF                 	db	255
   657                           
   658                           ;Config register IDLOC6 @ 0x200006
   659                           ;	unspecified, using default values
   660   200006                     	org	2097158
   661   200006  FF                 	db	255
   662                           
   663                           ;Config register IDLOC7 @ 0x200007
   664                           ;	unspecified, using default values
   665   200007                     	org	2097159
   666   200007  FF                 	db	255
   667                           
   668                           	psect	config
   669                           
   670                           ; Padding undefined space
   671   300000                     	org	3145728
   672   300000  FF                 	db	255
   673                           
   674                           ;Config register CONFIG1H @ 0x300001
   675                           ;	Oscillator Selection bits
   676                           ;	FOSC = INTIO7, Internal oscillator block, CLKOUT function on RA6, port function on RA7
   677                           ;	Fail-Safe Clock Monitor Enable bit
   678                           ;	FCMEN = OFF, Fail-Safe Clock Monitor disabled
   679                           ;	Internal/External Oscillator Switchover bit
   680                           ;	IESO = OFF, Oscillator Switchover mode disabled
   681   300001                     	org	3145729
   682   300001  09                 	db	9
   683                           
   684                           ;Config register CONFIG2L @ 0x300002
   685                           ;	Power-up Timer Enable bit
   686                           ;	PWRT = ON, PWRT enabled
   687                           ;	Brown-out Reset Enable bits
   688                           ;	BOREN = ON, Brown-out Reset enabled and controlled by software (SBOREN is enabled)
   689                           ;	Brown Out Reset Voltage bits
   690                           ;	BORV = 18, VBOR set to 1.8 V nominal
   691   300002                     	org	3145730
   692   300002  1A                 	db	26
   693                           
   694                           ;Config register CONFIG2H @ 0x300003
   695                           ;	Watchdog Timer Enable bit
   696                           ;	WDTEN = ON, WDT is always enabled. SWDTEN bit has no effect
   697                           ;	Watchdog Timer Postscale Select bits
   698                           ;	WDTPS = 32768, 1:32768
   699   300003                     	org	3145731
   700   300003  1F                 	db	31
   701                           
   702                           ; Padding undefined space
   703   300004                     	org	3145732
   704   300004  FF                 	db	255
   705                           
   706                           ;Config register CONFIG3H @ 0x300005
   707                           ;	CCP2 MUX bit
   708                           ;	CCP2MX = PORTC, CCP2 input/output is multiplexed with RC1
   709                           ;	PORTB A/D Enable bit
   710                           ;	PBADEN = OFF, PORTB<4:0> pins are configured as digital I/O on Reset
   711                           ;	Low-Power Timer1 Oscillator Enable bit
   712                           ;	LPT1OSC = OFF, Timer1 configured for higher power operation
   713                           ;	HFINTOSC Fast Start-up
   714                           ;	HFOFST = ON, HFINTOSC starts clocking the CPU without waiting for the oscillator to st
      +                          ablize.
   715                           ;	MCLR Pin Enable bit
   716                           ;	MCLRE = ON, MCLR pin enabled; RE3 input pin disabled
   717   300005                     	org	3145733
   718   300005  89                 	db	137
   719                           
   720                           ;Config register CONFIG4L @ 0x300006
   721                           ;	Stack Full/Underflow Reset Enable bit
   722                           ;	STVREN = ON, Stack full/underflow will cause Reset
   723                           ;	Single-Supply ICSP Enable bit
   724                           ;	LVP = ON, Single-Supply ICSP enabled
   725                           ;	Extended Instruction Set Enable bit
   726                           ;	XINST = OFF, Instruction set extension and Indexed Addressing mode disabled (Legacy mo
      +                          de)
   727                           ;	Background Debugger Enable bit
   728                           ;	DEBUG = 0x1, unprogrammed default
   729   300006                     	org	3145734
   730   300006  85                 	db	133
   731                           
   732                           ; Padding undefined space
   733   300007                     	org	3145735
   734   300007  FF                 	db	255
   735                           
   736                           ;Config register CONFIG5L @ 0x300008
   737                           ;	Code Protection Block 0
   738                           ;	CP0 = OFF, Block 0 (000800-001FFFh) not code-protected
   739                           ;	Code Protection Block 1
   740                           ;	CP1 = OFF, Block 1 (002000-003FFFh) not code-protected
   741                           ;	Code Protection Block 2
   742                           ;	CP2 = OFF, Block 2 (004000-005FFFh) not code-protected
   743                           ;	Code Protection Block 3
   744                           ;	CP3 = OFF, Block 3 (006000-007FFFh) not code-protected
   745   300008                     	org	3145736
   746   300008  0F                 	db	15
   747                           
   748                           ;Config register CONFIG5H @ 0x300009
   749                           ;	Boot Block Code Protection bit
   750                           ;	CPB = OFF, Boot block (000000-0007FFh) not code-protected
   751                           ;	Data EEPROM Code Protection bit
   752                           ;	CPD = OFF, Data EEPROM not code-protected
   753   300009                     	org	3145737
   754   300009  C0                 	db	192
   755                           
   756                           ;Config register CONFIG6L @ 0x30000A
   757                           ;	Write Protection Block 0
   758                           ;	WRT0 = OFF, Block 0 (000800-001FFFh) not write-protected
   759                           ;	Write Protection Block 1
   760                           ;	WRT1 = OFF, Block 1 (002000-003FFFh) not write-protected
   761                           ;	Write Protection Block 2
   762                           ;	WRT2 = OFF, Block 2 (004000-005FFFh) not write-protected
   763                           ;	Write Protection Block 3
   764                           ;	WRT3 = OFF, Block 3 (006000-007FFFh) not write-protected
   765   30000A                     	org	3145738
   766   30000A  0F                 	db	15
   767                           
   768                           ;Config register CONFIG6H @ 0x30000B
   769                           ;	Configuration Register Write Protection bit
   770                           ;	WRTC = OFF, Configuration registers (300000-3000FFh) not write-protected
   771                           ;	Boot Block Write Protection bit
   772                           ;	WRTB = OFF, Boot Block (000000-0007FFh) not write-protected
   773                           ;	Data EEPROM Write Protection bit
   774                           ;	WRTD = OFF, Data EEPROM not write-protected
   775   30000B                     	org	3145739
   776   30000B  E0                 	db	224
   777                           
   778                           ;Config register CONFIG7L @ 0x30000C
   779                           ;	Table Read Protection Block 0
   780                           ;	EBTR0 = OFF, Block 0 (000800-001FFFh) not protected from table reads executed in other
      +                           blocks
   781                           ;	Table Read Protection Block 1
   782                           ;	EBTR1 = OFF, Block 1 (002000-003FFFh) not protected from table reads executed in other
      +                           blocks
   783                           ;	Table Read Protection Block 2
   784                           ;	EBTR2 = OFF, Block 2 (004000-005FFFh) not protected from table reads executed in other
      +                           blocks
   785                           ;	Table Read Protection Block 3
   786                           ;	EBTR3 = OFF, Block 3 (006000-007FFFh) not protected from table reads executed in other
      +                           blocks
   787   30000C                     	org	3145740
   788   30000C  0F                 	db	15
   789                           
   790                           ;Config register CONFIG7H @ 0x30000D
   791                           ;	Boot Block Table Read Protection bit
   792                           ;	EBTRB = OFF, Boot Block (000000-0007FFh) not protected from table reads executed in ot
      +                          her blocks
   793   30000D                     	org	3145741
   794   30000D  40                 	db	64
   795                           tosu	equ	0xFFF
   796                           tosh	equ	0xFFE
   797                           tosl	equ	0xFFD
   798                           stkptr	equ	0xFFC
   799                           pclatu	equ	0xFFB
   800                           pclath	equ	0xFFA
   801                           pcl	equ	0xFF9
   802                           tblptru	equ	0xFF8
   803                           tblptrh	equ	0xFF7
   804                           tblptrl	equ	0xFF6
   805                           tablat	equ	0xFF5
   806                           prodh	equ	0xFF4
   807                           prodl	equ	0xFF3
   808                           indf0	equ	0xFEF
   809                           postinc0	equ	0xFEE
   810                           postdec0	equ	0xFED
   811                           preinc0	equ	0xFEC
   812                           plusw0	equ	0xFEB
   813                           fsr0h	equ	0xFEA
   814                           fsr0l	equ	0xFE9
   815                           wreg	equ	0xFE8
   816                           indf1	equ	0xFE7
   817                           postinc1	equ	0xFE6
   818                           postdec1	equ	0xFE5
   819                           preinc1	equ	0xFE4
   820                           plusw1	equ	0xFE3
   821                           fsr1h	equ	0xFE2
   822                           fsr1l	equ	0xFE1
   823                           bsr	equ	0xFE0
   824                           indf2	equ	0xFDF
   825                           postinc2	equ	0xFDE
   826                           postdec2	equ	0xFDD
   827                           preinc2	equ	0xFDC
   828                           plusw2	equ	0xFDB
   829                           fsr2h	equ	0xFDA
   830                           fsr2l	equ	0xFD9
   831                           status	equ	0xFD8

Data Sizes:
    Strings     0
    Constant    0
    Data        0
    BSS         2
    Persistent  0
    Stack       0

Auto Spaces:
    Space          Size  Autos    Used
    COMRAM           94      0       2
    BANK0           160      0       0
    BANK1           256      0       0
    BANK2           256      0       0
    BANK3           256      0       0
    BANK4           256      0       0
    BANK5           256      0       0

Pointer List with Targets:

    None.

Critical Paths under _main in COMRAM

    None.

Critical Paths under _H_ISR in COMRAM

    None.

Critical Paths under _main in BANK0

    None.

Critical Paths under _H_ISR in BANK0

    None.

Critical Paths under _main in BANK1

    None.

Critical Paths under _H_ISR in BANK1

    None.

Critical Paths under _main in BANK2

    None.

Critical Paths under _H_ISR in BANK2

    None.

Critical Paths under _main in BANK3

    None.

Critical Paths under _H_ISR in BANK3

    None.

Critical Paths under _main in BANK4

    None.

Critical Paths under _H_ISR in BANK4

    None.

Critical Paths under _main in BANK5

    None.

Critical Paths under _H_ISR in BANK5

    None.

Call Graph Tables:

 ---------------------------------------------------------------------------------
 (Depth) Function   	        Calls       Base Space   Used Autos Params    Refs
 ---------------------------------------------------------------------------------
 (0) _main                                                 0     0      0       0
                              _Setup
 ---------------------------------------------------------------------------------
 (1) _Setup                                                0     0      0       0
                       _SetupINTTMR2
                     _SetupOscilador
                           _SetupPWM
                           _Setupint
                         _Setupports
 ---------------------------------------------------------------------------------
 (2) _Setupports                                           0     0      0       0
 ---------------------------------------------------------------------------------
 (2) _Setupint                                             0     0      0       0
 ---------------------------------------------------------------------------------
 (2) _SetupPWM                                             0     0      0       0
 ---------------------------------------------------------------------------------
 (2) _SetupOscilador                                       0     0      0       0
 ---------------------------------------------------------------------------------
 (2) _SetupINTTMR2                                         0     0      0       0
 ---------------------------------------------------------------------------------
 Estimated maximum stack depth 2
 ---------------------------------------------------------------------------------
 (Depth) Function   	        Calls       Base Space   Used Autos Params    Refs
 ---------------------------------------------------------------------------------
 (3) _H_ISR                                                0     0      0       0
 ---------------------------------------------------------------------------------
 Estimated maximum stack depth 3
 ---------------------------------------------------------------------------------

 Call Graph Graphs:

 _main (ROOT)
   _Setup
     _SetupINTTMR2
     _SetupOscilador
     _SetupPWM
     _Setupint
     _Setupports

 _H_ISR (ROOT)

 Address spaces:
Name               Size   Autos  Total    Cost      Usage
BIGRAM             5FF      0       0      25        0.0%
EEDATA             100      0       0       0        0.0%
BITBANK5           100      0       0      14        0.0%
BANK5              100      0       0      15        0.0%
BITBANK4           100      0       0      12        0.0%
BANK4              100      0       0      13        0.0%
BITBANK3           100      0       0      10        0.0%
BANK3              100      0       0      11        0.0%
BITBANK2           100      0       0       8        0.0%
BANK2              100      0       0       9        0.0%
BITBANK1           100      0       0       6        0.0%
BANK1              100      0       0       7        0.0%
BITBANK0            A0      0       0       4        0.0%
BANK0               A0      0       0       5        0.0%
BITCOMRAM           5E      0       0       0        0.0%
COMRAM              5E      0       2       1        2.1%
BITBIGSFRlll        2B      0       0      23        0.0%
BITBIGSFRhl         1E      0       0      17        0.0%
BITBIGSFRlhhlll     1D      0       0      20        0.0%
BITBIGSFRhh          D      0       0      16        0.0%
BITBIGSFRlhhllh      B      0       0      19        0.0%
BITBIGSFRllh         8      0       0      22        0.0%
BITBIGSFRlhl         8      0       0      21        0.0%
BITBIGSFRlhhh        6      0       0      18        0.0%
BIGSFR               0      0       0     200        0.0%
BITSFR               0      0       0     200        0.0%
SFR                  0      0       0     200        0.0%
STACK                0      0       0       2        0.0%
NULL                 0      0       0       0        0.0%
ABS                  0      0       2      24        0.0%
DATA                 0      0       2       3        0.0%
CODE                 0      0       0       0        0.0%


Microchip Technology PIC18 Macro Assembler V2.41 build 20230208172133 
Symbol Table                                                                                   Thu Oct 05 11:54:10 2023

                     l41 0112                       l35 0118                       l44 00DA  
                     l38 00F6                       l47 010C                       l73 00FC  
                     l66 00C6                       l74 00FC                      l812 00F8  
                    l752 0114                      l760 00F4                      l772 0104  
                    l764 010E                      l756 00EA                      l780 00BE  
                    l766 00C8                      l758 00F2                      l782 00C2  
                    l768 00CE                      l776 00B2                      l778 00BA  
                    _PR2 0FCB                     _LATC 0F8B                     i2l53 004E  
                   i2l63 00AA                     i2l58 0096                     _TMR2 0FCC  
                   _main 00F8                     btemp 0003                     start 00AE  
           ___param_bank 0000                    ?_main 0000                    _T2CON 0FCA  
                  i2l800 0066                    i2l802 007A                    i2l804 0082  
                  i2l806 008A                    i2l808 00A6                    i2l790 001E  
                  i2l792 0032                    i2l794 003A                    i2l786 000A  
                  i2l796 0042                    i2l788 0018                    i2l798 005E  
                  _H_ISR 0008                    _TRISC 0F94                    _Setup 00B2  
                  ttemp5 0004                    ttemp6 0007                    ttemp7 000B  
                  status 0FD8                    wtemp8 0004          __initialization 00DC  
           __end_of_main 0104                   ??_main 0000            __activetblptr 0000  
                 ?_H_ISR 0000         __end_of_SetupPWM 010E         __end_of_Setupint 0114  
                 ?_Setup 0000                   _CCPR1L 0FBE                   _OSCCON 0FD3  
                 _TMR2IF 7CF1                   i2u1_40 0018                   i2u1_41 0014  
                 i2u2_40 0032                   i2u2_41 002E                   i2u3_40 005E  
                 i2u3_41 005A                   i2u4_40 007A                   i2u4_41 0076  
                 i2u5_40 00A6                   i2u5_41 00A2                   isa$std 0001  
             _Setupports 00EA               __accesstop 0060  __end_of__initialization 00E0  
          ___rparam_used 0001            __end_of_H_ISR 00AE           __pcstackCOMRAM 0000  
          __end_of_Setup 00C8                  ??_H_ISR 0000                  ??_Setup 0000  
              ?_SetupPWM 0000                ?_Setupint 0000                  _CCP1CON 0FBD  
            ?_Setupports 0000            ?_SetupINTTMR2 0000                  __Hparam 0000  
                __Lparam 0000               ??_SetupPWM 0000               ??_Setupint 0000  
                __pcinit 00DC                  __ramtop 0600                  __ptext0 00F8  
                __ptext1 00B2                  __ptext2 00EA                  __ptext3 010E  
                __ptext4 0104                  __ptext5 0114                  __ptext6 00C8  
         ??_SetupINTTMR2 0000     end_of_initialization 00E0           _SetupOscilador 0114  
              _TRISCbits 0F94   __end_of_SetupOscilador 011A      start_initialization 00DC  
        ?_SetupOscilador 0000     __end_of_SetupINTTMR2 00DC             ??_Setupports 0000  
            __pbssCOMRAM 0001       __end_of_Setupports 00F8                __pintcode 0008  
               _LATCbits 0F8B                 _IPR1bits 0F9F                 _PIE1bits 0F9D  
               _PIR1bits 0F9E                 _Contador 0001                 __Hrparam 0000  
               __Lrparam 0000                 _SetupPWM 0104                 _Setupint 010E  
           _SetupINTTMR2 00C8         ??_SetupOscilador 0000                 isa$xinst 0000  
               int$flags 0003               _INTCONbits 0FF2                 intlevel2 0000  
